{"C:\\Users\\rok\\Desktop\\Node CRUD\\node-crud\\server.js": {"path":"C:\\Users\\rok\\Desktop\\Node CRUD\\node-crud\\server.js","statementMap":{"0":{"start":{"line":1,"column":0},"end":{"line":3,"column":1}},"1":{"start":{"line":2,"column":4},"end":{"line":2,"column":31}},"2":{"start":{"line":5,"column":16},"end":{"line":5,"column":34}},"3":{"start":{"line":6,"column":12},"end":{"line":6,"column":21}},"4":{"start":{"line":7,"column":23},"end":{"line":7,"column":53}},"5":{"start":{"line":8,"column":17},"end":{"line":8,"column":36}},"6":{"start":{"line":9,"column":21},"end":{"line":9,"column":47}},"7":{"start":{"line":11,"column":20},"end":{"line":11,"column":45}},"8":{"start":{"line":12,"column":23},"end":{"line":12,"column":50}},"9":{"start":{"line":13,"column":19},"end":{"line":13,"column":43}},"10":{"start":{"line":14,"column":21},"end":{"line":14,"column":47}},"11":{"start":{"line":15,"column":21},"end":{"line":15,"column":46}},"12":{"start":{"line":17,"column":0},"end":{"line":17,"column":30}},"13":{"start":{"line":18,"column":0},"end":{"line":18,"column":39}},"14":{"start":{"line":19,"column":0},"end":{"line":19,"column":36}},"15":{"start":{"line":21,"column":0},"end":{"line":21,"column":24}},"16":{"start":{"line":22,"column":0},"end":{"line":22,"column":33}},"17":{"start":{"line":23,"column":0},"end":{"line":23,"column":24}},"18":{"start":{"line":24,"column":0},"end":{"line":24,"column":30}},"19":{"start":{"line":25,"column":0},"end":{"line":25,"column":34}},"20":{"start":{"line":27,"column":1},"end":{"line":30,"column":2}},"21":{"start":{"line":32,"column":11},"end":{"line":32,"column":30}},"22":{"start":{"line":33,"column":0},"end":{"line":33,"column":46}},"23":{"start":{"line":33,"column":24},"end":{"line":33,"column":44}},"24":{"start":{"line":34,"column":0},"end":{"line":34,"column":57}},"25":{"start":{"line":34,"column":20},"end":{"line":34,"column":56}},"26":{"start":{"line":37,"column":0},"end":{"line":37,"column":32}},"27":{"start":{"line":40,"column":0},"end":{"line":40,"column":45}},"28":{"start":{"line":41,"column":0},"end":{"line":41,"column":51}},"29":{"start":{"line":42,"column":0},"end":{"line":42,"column":45}},"30":{"start":{"line":43,"column":0},"end":{"line":43,"column":58}},"31":{"start":{"line":44,"column":0},"end":{"line":44,"column":66}},"32":{"start":{"line":47,"column":0},"end":{"line":47,"column":37}},"33":{"start":{"line":48,"column":0},"end":{"line":48,"column":45}},"34":{"start":{"line":49,"column":0},"end":{"line":49,"column":38}},"35":{"start":{"line":50,"column":0},"end":{"line":50,"column":58}},"36":{"start":{"line":51,"column":0},"end":{"line":51,"column":48}},"37":{"start":{"line":54,"column":0},"end":{"line":54,"column":49}},"38":{"start":{"line":55,"column":0},"end":{"line":55,"column":56}},"39":{"start":{"line":56,"column":0},"end":{"line":56,"column":53}},"40":{"start":{"line":57,"column":0},"end":{"line":57,"column":72}},"41":{"start":{"line":58,"column":0},"end":{"line":58,"column":62}},"42":{"start":{"line":61,"column":0},"end":{"line":61,"column":43}},"43":{"start":{"line":62,"column":0},"end":{"line":62,"column":42}},"44":{"start":{"line":64,"column":0},"end":{"line":64,"column":21}},"45":{"start":{"line":66,"column":0},"end":{"line":66,"column":36}}},"fnMap":{"0":{"name":"(anonymous_0)","decl":{"start":{"line":33,"column":15},"end":{"line":33,"column":16}},"loc":{"start":{"line":33,"column":24},"end":{"line":33,"column":44}},"line":33},"1":{"name":"(anonymous_1)","decl":{"start":{"line":34,"column":14},"end":{"line":34,"column":15}},"loc":{"start":{"line":34,"column":20},"end":{"line":34,"column":56}},"line":34}},"branchMap":{"0":{"loc":{"start":{"line":1,"column":0},"end":{"line":3,"column":1}},"type":"if","locations":[{"start":{"line":1,"column":0},"end":{"line":3,"column":1}},{"start":{"line":1,"column":0},"end":{"line":3,"column":1}}],"line":1},"1":{"loc":{"start":{"line":66,"column":11},"end":{"line":66,"column":35}},"type":"binary-expr","locations":[{"start":{"line":66,"column":11},"end":{"line":66,"column":27}},{"start":{"line":66,"column":31},"end":{"line":66,"column":35}}],"line":66}},"s":{"0":1,"1":1,"2":1,"3":1,"4":1,"5":1,"6":1,"7":1,"8":1,"9":1,"10":1,"11":1,"12":1,"13":1,"14":1,"15":1,"16":1,"17":1,"18":1,"19":1,"20":1,"21":1,"22":1,"23":0,"24":1,"25":1,"26":1,"27":1,"28":1,"29":1,"30":1,"31":1,"32":1,"33":1,"34":1,"35":1,"36":1,"37":1,"38":1,"39":1,"40":1,"41":1,"42":1,"43":1,"44":1,"45":1},"f":{"0":0,"1":1},"b":{"0":[1,0],"1":[1,1]},"_coverageSchema":"1a1c01bbd47fc00a2c39e90264f33305004495a9","hash":"3a8d47afe81e8a5950dcbabeea30cb20083a06b2"}
,"C:\\Users\\rok\\Desktop\\Node CRUD\\node-crud\\models\\author.js": {"path":"C:\\Users\\rok\\Desktop\\Node CRUD\\node-crud\\models\\author.js","statementMap":{"0":{"start":{"line":1,"column":17},"end":{"line":1,"column":36}},"1":{"start":{"line":3,"column":21},"end":{"line":20,"column":2}},"2":{"start":{"line":22,"column":0},"end":{"line":22,"column":56}}},"fnMap":{},"branchMap":{},"s":{"0":1,"1":1,"2":1},"f":{},"b":{},"_coverageSchema":"1a1c01bbd47fc00a2c39e90264f33305004495a9","hash":"13b8a93fb1c1cb6240c354cc05d03318c88c3442"}
,"C:\\Users\\rok\\Desktop\\Node CRUD\\node-crud\\models\\comment.js": {"path":"C:\\Users\\rok\\Desktop\\Node CRUD\\node-crud\\models\\comment.js","statementMap":{"0":{"start":{"line":1,"column":17},"end":{"line":1,"column":36}},"1":{"start":{"line":3,"column":22},"end":{"line":17,"column":2}},"2":{"start":{"line":19,"column":0},"end":{"line":19,"column":58}}},"fnMap":{},"branchMap":{},"s":{"0":1,"1":1,"2":1},"f":{},"b":{},"_coverageSchema":"1a1c01bbd47fc00a2c39e90264f33305004495a9","hash":"a0d306b8904930c17cd09c5b12a1330ad370771d"}
,"C:\\Users\\rok\\Desktop\\Node CRUD\\node-crud\\models\\news.js": {"path":"C:\\Users\\rok\\Desktop\\Node CRUD\\node-crud\\models\\news.js","statementMap":{"0":{"start":{"line":1,"column":17},"end":{"line":1,"column":36}},"1":{"start":{"line":3,"column":19},"end":{"line":27,"column":2}},"2":{"start":{"line":29,"column":0},"end":{"line":29,"column":52}}},"fnMap":{},"branchMap":{},"s":{"0":1,"1":1,"2":1},"f":{},"b":{},"_coverageSchema":"1a1c01bbd47fc00a2c39e90264f33305004495a9","hash":"b4cafb7e39f4839b61d2cae5d85ed7e626ef336d"}
,"C:\\Users\\rok\\Desktop\\Node CRUD\\node-crud\\models\\topic.js": {"path":"C:\\Users\\rok\\Desktop\\Node CRUD\\node-crud\\models\\topic.js","statementMap":{"0":{"start":{"line":1,"column":17},"end":{"line":1,"column":36}},"1":{"start":{"line":3,"column":20},"end":{"line":8,"column":2}},"2":{"start":{"line":10,"column":0},"end":{"line":10,"column":54}}},"fnMap":{},"branchMap":{},"s":{"0":1,"1":1,"2":1},"f":{},"b":{},"_coverageSchema":"1a1c01bbd47fc00a2c39e90264f33305004495a9","hash":"4f6a0acf71ab7fd0c1e2c831c23112d086aa1e63"}
,"C:\\Users\\rok\\Desktop\\Node CRUD\\node-crud\\routes\\author.js": {"path":"C:\\Users\\rok\\Desktop\\Node CRUD\\node-crud\\routes\\author.js","statementMap":{"0":{"start":{"line":1,"column":15},"end":{"line":1,"column":42}},"1":{"start":{"line":3,"column":0},"end":{"line":5,"column":1}},"2":{"start":{"line":4,"column":4},"end":{"line":4,"column":76}},"3":{"start":{"line":7,"column":0},"end":{"line":15,"column":1}},"4":{"start":{"line":8,"column":4},"end":{"line":14,"column":5}},"5":{"start":{"line":9,"column":24},"end":{"line":9,"column":45}},"6":{"start":{"line":11,"column":8},"end":{"line":11,"column":37}},"7":{"start":{"line":13,"column":8},"end":{"line":13,"column":43}},"8":{"start":{"line":17,"column":0},"end":{"line":34,"column":1}},"9":{"start":{"line":18,"column":4},"end":{"line":33,"column":5}},"10":{"start":{"line":19,"column":23},"end":{"line":24,"column":10}},"11":{"start":{"line":26,"column":26},"end":{"line":26,"column":45}},"12":{"start":{"line":28,"column":8},"end":{"line":30,"column":10}},"13":{"start":{"line":32,"column":8},"end":{"line":32,"column":44}},"14":{"start":{"line":36,"column":0},"end":{"line":38,"column":1}},"15":{"start":{"line":37,"column":4},"end":{"line":37,"column":32}},"16":{"start":{"line":40,"column":0},"end":{"line":42,"column":1}},"17":{"start":{"line":41,"column":4},"end":{"line":41,"column":31}}},"fnMap":{"0":{"name":"(anonymous_0)","decl":{"start":{"line":3,"column":24},"end":{"line":3,"column":25}},"loc":{"start":{"line":3,"column":38},"end":{"line":5,"column":1}},"line":3},"1":{"name":"(anonymous_1)","decl":{"start":{"line":7,"column":21},"end":{"line":7,"column":22}},"loc":{"start":{"line":7,"column":41},"end":{"line":15,"column":1}},"line":7},"2":{"name":"(anonymous_2)","decl":{"start":{"line":17,"column":20},"end":{"line":17,"column":21}},"loc":{"start":{"line":17,"column":40},"end":{"line":34,"column":1}},"line":17},"3":{"name":"(anonymous_3)","decl":{"start":{"line":36,"column":20},"end":{"line":36,"column":21}},"loc":{"start":{"line":36,"column":40},"end":{"line":38,"column":1}},"line":36},"4":{"name":"(anonymous_4)","decl":{"start":{"line":40,"column":23},"end":{"line":40,"column":24}},"loc":{"start":{"line":40,"column":43},"end":{"line":42,"column":1}},"line":40}},"branchMap":{},"s":{"0":1,"1":1,"2":0,"3":1,"4":1,"5":1,"6":1,"7":0,"8":1,"9":0,"10":0,"11":0,"12":0,"13":0,"14":1,"15":0,"16":1,"17":0},"f":{"0":0,"1":1,"2":0,"3":0,"4":0},"b":{},"_coverageSchema":"1a1c01bbd47fc00a2c39e90264f33305004495a9","hash":"46fb01ecda6fff0684a475aab9d7ac1bcfd2e002"}
,"C:\\Users\\rok\\Desktop\\Node CRUD\\node-crud\\routes\\comment.js": {"path":"C:\\Users\\rok\\Desktop\\Node CRUD\\node-crud\\routes\\comment.js","statementMap":{"0":{"start":{"line":1,"column":16},"end":{"line":1,"column":44}},"1":{"start":{"line":2,"column":13},"end":{"line":2,"column":38}},"2":{"start":{"line":4,"column":0},"end":{"line":13,"column":1}},"3":{"start":{"line":5,"column":4},"end":{"line":12,"column":5}},"4":{"start":{"line":6,"column":25},"end":{"line":7,"column":29}},"5":{"start":{"line":9,"column":8},"end":{"line":9,"column":92}},"6":{"start":{"line":11,"column":8},"end":{"line":11,"column":44}},"7":{"start":{"line":15,"column":0},"end":{"line":17,"column":1}},"8":{"start":{"line":16,"column":4},"end":{"line":16,"column":79}},"9":{"start":{"line":19,"column":0},"end":{"line":38,"column":1}},"10":{"start":{"line":20,"column":17},"end":{"line":20,"column":51}},"11":{"start":{"line":22,"column":20},"end":{"line":26,"column":6}},"12":{"start":{"line":28,"column":4},"end":{"line":37,"column":6}},"13":{"start":{"line":29,"column":8},"end":{"line":36,"column":9}},"14":{"start":{"line":30,"column":12},"end":{"line":30,"column":37}},"15":{"start":{"line":33,"column":12},"end":{"line":35,"column":14}},"16":{"start":{"line":40,"column":0},"end":{"line":51,"column":1}},"17":{"start":{"line":41,"column":4},"end":{"line":50,"column":5}},"18":{"start":{"line":42,"column":24},"end":{"line":42,"column":77}},"19":{"start":{"line":44,"column":8},"end":{"line":47,"column":10}},"20":{"start":{"line":49,"column":8},"end":{"line":49,"column":44}},"21":{"start":{"line":53,"column":0},"end":{"line":64,"column":1}},"22":{"start":{"line":54,"column":4},"end":{"line":63,"column":5}},"23":{"start":{"line":55,"column":24},"end":{"line":55,"column":100}},"24":{"start":{"line":57,"column":8},"end":{"line":60,"column":10}},"25":{"start":{"line":62,"column":8},"end":{"line":62,"column":43}}},"fnMap":{"0":{"name":"(anonymous_0)","decl":{"start":{"line":4,"column":22},"end":{"line":4,"column":23}},"loc":{"start":{"line":4,"column":42},"end":{"line":13,"column":1}},"line":4},"1":{"name":"(anonymous_1)","decl":{"start":{"line":15,"column":25},"end":{"line":15,"column":26}},"loc":{"start":{"line":15,"column":39},"end":{"line":17,"column":1}},"line":15},"2":{"name":"(anonymous_2)","decl":{"start":{"line":19,"column":21},"end":{"line":19,"column":22}},"loc":{"start":{"line":19,"column":41},"end":{"line":38,"column":1}},"line":19},"3":{"name":"(anonymous_3)","decl":{"start":{"line":28,"column":17},"end":{"line":28,"column":18}},"loc":{"start":{"line":28,"column":38},"end":{"line":37,"column":5}},"line":28},"4":{"name":"(anonymous_4)","decl":{"start":{"line":40,"column":24},"end":{"line":40,"column":25}},"loc":{"start":{"line":40,"column":44},"end":{"line":51,"column":1}},"line":40},"5":{"name":"(anonymous_5)","decl":{"start":{"line":53,"column":24},"end":{"line":53,"column":25}},"loc":{"start":{"line":53,"column":44},"end":{"line":64,"column":1}},"line":53}},"branchMap":{"0":{"loc":{"start":{"line":29,"column":8},"end":{"line":36,"column":9}},"type":"if","locations":[{"start":{"line":29,"column":8},"end":{"line":36,"column":9}},{"start":{"line":29,"column":8},"end":{"line":36,"column":9}}],"line":29}},"s":{"0":1,"1":1,"2":1,"3":0,"4":0,"5":0,"6":0,"7":1,"8":0,"9":1,"10":0,"11":0,"12":0,"13":0,"14":0,"15":0,"16":1,"17":0,"18":0,"19":0,"20":0,"21":1,"22":0,"23":0,"24":0,"25":0},"f":{"0":0,"1":0,"2":0,"3":0,"4":0,"5":0},"b":{"0":[0,0]},"_coverageSchema":"1a1c01bbd47fc00a2c39e90264f33305004495a9","hash":"591f94c2fe09d85e7b845866e1c2e0ec61721b06"}
,"C:\\Users\\rok\\Desktop\\Node CRUD\\node-crud\\routes\\index.js": {"path":"C:\\Users\\rok\\Desktop\\Node CRUD\\node-crud\\routes\\index.js","statementMap":{"0":{"start":{"line":1,"column":16},"end":{"line":1,"column":34}},"1":{"start":{"line":2,"column":15},"end":{"line":2,"column":31}},"2":{"start":{"line":4,"column":0},"end":{"line":9,"column":1}},"3":{"start":{"line":5,"column":4},"end":{"line":8,"column":6}}},"fnMap":{"0":{"name":"(anonymous_0)","decl":{"start":{"line":4,"column":16},"end":{"line":4,"column":17}},"loc":{"start":{"line":4,"column":30},"end":{"line":9,"column":1}},"line":4}},"branchMap":{},"s":{"0":1,"1":1,"2":1,"3":1},"f":{"0":1},"b":{},"_coverageSchema":"1a1c01bbd47fc00a2c39e90264f33305004495a9","hash":"627ad8e1b7ef5b068e83077fc814d0d468015389"}
,"C:\\Users\\rok\\Desktop\\Node CRUD\\node-crud\\routes\\news.js": {"path":"C:\\Users\\rok\\Desktop\\Node CRUD\\node-crud\\routes\\news.js","statementMap":{"0":{"start":{"line":1,"column":13},"end":{"line":1,"column":38}},"1":{"start":{"line":2,"column":14},"end":{"line":2,"column":40}},"2":{"start":{"line":3,"column":15},"end":{"line":3,"column":42}},"3":{"start":{"line":5,"column":0},"end":{"line":23,"column":1}},"4":{"start":{"line":6,"column":4},"end":{"line":22,"column":5}},"5":{"start":{"line":7,"column":21},"end":{"line":9,"column":31}},"6":{"start":{"line":11,"column":8},"end":{"line":13,"column":9}},"7":{"start":{"line":15,"column":8},"end":{"line":17,"column":9}},"8":{"start":{"line":19,"column":7},"end":{"line":19,"column":34}},"9":{"start":{"line":21,"column":8},"end":{"line":21,"column":44}},"10":{"start":{"line":25,"column":0},"end":{"line":27,"column":2}},"11":{"start":{"line":26,"column":4},"end":{"line":26,"column":68}},"12":{"start":{"line":29,"column":0},"end":{"line":70,"column":2}},"13":{"start":{"line":30,"column":4},"end":{"line":69,"column":5}},"14":{"start":{"line":32,"column":21},"end":{"line":35,"column":10}},"15":{"start":{"line":37,"column":8},"end":{"line":51,"column":11}},"16":{"start":{"line":38,"column":12},"end":{"line":40,"column":13}},"17":{"start":{"line":39,"column":16},"end":{"line":39,"column":41}},"18":{"start":{"line":42,"column":12},"end":{"line":50,"column":13}},"19":{"start":{"line":43,"column":33},"end":{"line":45,"column":18}},"20":{"start":{"line":47,"column":16},"end":{"line":47,"column":52}},"21":{"start":{"line":49,"column":16},"end":{"line":49,"column":36}},"22":{"start":{"line":53,"column":8},"end":{"line":59,"column":10}},"23":{"start":{"line":54,"column":12},"end":{"line":56,"column":13}},"24":{"start":{"line":55,"column":16},"end":{"line":55,"column":41}},"25":{"start":{"line":58,"column":12},"end":{"line":58,"column":33}},"26":{"start":{"line":61,"column":24},"end":{"line":61,"column":41}},"27":{"start":{"line":64,"column":8},"end":{"line":66,"column":11}},"28":{"start":{"line":68,"column":8},"end":{"line":68,"column":44}},"29":{"start":{"line":72,"column":0},"end":{"line":86,"column":2}},"30":{"start":{"line":73,"column":4},"end":{"line":85,"column":5}},"31":{"start":{"line":74,"column":21},"end":{"line":76,"column":31}},"32":{"start":{"line":78,"column":8},"end":{"line":81,"column":11}},"33":{"start":{"line":84,"column":8},"end":{"line":84,"column":30}},"34":{"start":{"line":88,"column":0},"end":{"line":117,"column":2}},"35":{"start":{"line":89,"column":4},"end":{"line":116,"column":5}},"36":{"start":{"line":90,"column":21},"end":{"line":90,"column":57}},"37":{"start":{"line":91,"column":8},"end":{"line":91,"column":36}},"38":{"start":{"line":92,"column":8},"end":{"line":92,"column":34}},"39":{"start":{"line":94,"column":8},"end":{"line":110,"column":11}},"40":{"start":{"line":97,"column":12},"end":{"line":99,"column":13}},"41":{"start":{"line":98,"column":16},"end":{"line":98,"column":67}},"42":{"start":{"line":101,"column":12},"end":{"line":109,"column":13}},"43":{"start":{"line":102,"column":33},"end":{"line":104,"column":18}},"44":{"start":{"line":106,"column":16},"end":{"line":106,"column":52}},"45":{"start":{"line":108,"column":16},"end":{"line":108,"column":36}},"46":{"start":{"line":112,"column":8},"end":{"line":112,"column":26}},"47":{"start":{"line":113,"column":8},"end":{"line":113,"column":30}},"48":{"start":{"line":115,"column":8},"end":{"line":115,"column":59}}},"fnMap":{"0":{"name":"(anonymous_0)","decl":{"start":{"line":5,"column":18},"end":{"line":5,"column":19}},"loc":{"start":{"line":5,"column":38},"end":{"line":23,"column":1}},"line":5},"1":{"name":"(anonymous_1)","decl":{"start":{"line":25,"column":22},"end":{"line":25,"column":23}},"loc":{"start":{"line":25,"column":36},"end":{"line":27,"column":1}},"line":25},"2":{"name":"(anonymous_2)","decl":{"start":{"line":29,"column":18},"end":{"line":29,"column":19}},"loc":{"start":{"line":29,"column":38},"end":{"line":70,"column":1}},"line":29},"3":{"name":"(anonymous_3)","decl":{"start":{"line":37,"column":55},"end":{"line":37,"column":56}},"loc":{"start":{"line":37,"column":77},"end":{"line":51,"column":9}},"line":37},"4":{"name":"(anonymous_4)","decl":{"start":{"line":53,"column":60},"end":{"line":53,"column":61}},"loc":{"start":{"line":53,"column":77},"end":{"line":59,"column":9}},"line":53},"5":{"name":"(anonymous_5)","decl":{"start":{"line":72,"column":26},"end":{"line":72,"column":27}},"loc":{"start":{"line":72,"column":46},"end":{"line":86,"column":1}},"line":72},"6":{"name":"(anonymous_6)","decl":{"start":{"line":88,"column":21},"end":{"line":88,"column":22}},"loc":{"start":{"line":88,"column":41},"end":{"line":117,"column":1}},"line":88},"7":{"name":"(anonymous_7)","decl":{"start":{"line":96,"column":11},"end":{"line":96,"column":12}},"loc":{"start":{"line":96,"column":33},"end":{"line":110,"column":9}},"line":96}},"branchMap":{"0":{"loc":{"start":{"line":11,"column":8},"end":{"line":13,"column":9}},"type":"if","locations":[{"start":{"line":11,"column":8},"end":{"line":13,"column":9}},{"start":{"line":11,"column":8},"end":{"line":13,"column":9}}],"line":11},"1":{"loc":{"start":{"line":15,"column":8},"end":{"line":17,"column":9}},"type":"if","locations":[{"start":{"line":15,"column":8},"end":{"line":17,"column":9}},{"start":{"line":15,"column":8},"end":{"line":17,"column":9}}],"line":15},"2":{"loc":{"start":{"line":38,"column":12},"end":{"line":40,"column":13}},"type":"if","locations":[{"start":{"line":38,"column":12},"end":{"line":40,"column":13}},{"start":{"line":38,"column":12},"end":{"line":40,"column":13}}],"line":38},"3":{"loc":{"start":{"line":42,"column":12},"end":{"line":50,"column":13}},"type":"if","locations":[{"start":{"line":42,"column":12},"end":{"line":50,"column":13}},{"start":{"line":42,"column":12},"end":{"line":50,"column":13}}],"line":42},"4":{"loc":{"start":{"line":54,"column":12},"end":{"line":56,"column":13}},"type":"if","locations":[{"start":{"line":54,"column":12},"end":{"line":56,"column":13}},{"start":{"line":54,"column":12},"end":{"line":56,"column":13}}],"line":54},"5":{"loc":{"start":{"line":54,"column":16},"end":{"line":54,"column":37}},"type":"binary-expr","locations":[{"start":{"line":54,"column":16},"end":{"line":54,"column":19}},{"start":{"line":54,"column":23},"end":{"line":54,"column":37}}],"line":54},"6":{"loc":{"start":{"line":97,"column":12},"end":{"line":99,"column":13}},"type":"if","locations":[{"start":{"line":97,"column":12},"end":{"line":99,"column":13}},{"start":{"line":97,"column":12},"end":{"line":99,"column":13}}],"line":97},"7":{"loc":{"start":{"line":101,"column":12},"end":{"line":109,"column":13}},"type":"if","locations":[{"start":{"line":101,"column":12},"end":{"line":109,"column":13}},{"start":{"line":101,"column":12},"end":{"line":109,"column":13}}],"line":101}},"s":{"0":1,"1":1,"2":1,"3":1,"4":1,"5":1,"6":1,"7":1,"8":1,"9":0,"10":1,"11":0,"12":1,"13":0,"14":0,"15":0,"16":0,"17":0,"18":0,"19":0,"20":0,"21":0,"22":0,"23":0,"24":0,"25":0,"26":0,"27":0,"28":0,"29":1,"30":0,"31":0,"32":0,"33":0,"34":1,"35":0,"36":0,"37":0,"38":0,"39":0,"40":0,"41":0,"42":0,"43":0,"44":0,"45":0,"46":0,"47":0,"48":0},"f":{"0":1,"1":0,"2":0,"3":0,"4":0,"5":0,"6":0,"7":0},"b":{"0":[1,0],"1":[1,0],"2":[0,0],"3":[0,0],"4":[0,0],"5":[0,0],"6":[0,0],"7":[0,0]},"_coverageSchema":"1a1c01bbd47fc00a2c39e90264f33305004495a9","hash":"68a321416c81f4e15ac3c622992b7c8df7153121"}
,"C:\\Users\\rok\\Desktop\\Node CRUD\\node-crud\\routes\\topic.js": {"path":"C:\\Users\\rok\\Desktop\\Node CRUD\\node-crud\\routes\\topic.js","statementMap":{"0":{"start":{"line":1,"column":19},"end":{"line":1,"column":33}},"1":{"start":{"line":2,"column":14},"end":{"line":2,"column":40}},"2":{"start":{"line":4,"column":0},"end":{"line":16,"column":1}},"3":{"start":{"line":5,"column":4},"end":{"line":15,"column":5}},"4":{"start":{"line":6,"column":23},"end":{"line":6,"column":43}},"5":{"start":{"line":8,"column":8},"end":{"line":11,"column":15}},"6":{"start":{"line":13,"column":8},"end":{"line":14,"column":33}},"7":{"start":{"line":18,"column":0},"end":{"line":25,"column":1}},"8":{"start":{"line":19,"column":4},"end":{"line":24,"column":5}},"9":{"start":{"line":22,"column":8},"end":{"line":23,"column":32}},"10":{"start":{"line":27,"column":0},"end":{"line":46,"column":1}},"11":{"start":{"line":28,"column":4},"end":{"line":45,"column":5}},"12":{"start":{"line":29,"column":22},"end":{"line":31,"column":10}},"13":{"start":{"line":33,"column":8},"end":{"line":41,"column":10}},"14":{"start":{"line":34,"column":12},"end":{"line":40,"column":13}},"15":{"start":{"line":35,"column":16},"end":{"line":36,"column":38}},"16":{"start":{"line":38,"column":16},"end":{"line":39,"column":35}},"17":{"start":{"line":43,"column":8},"end":{"line":44,"column":32}}},"fnMap":{"0":{"name":"(anonymous_0)","decl":{"start":{"line":4,"column":20},"end":{"line":4,"column":21}},"loc":{"start":{"line":4,"column":40},"end":{"line":16,"column":1}},"line":4},"1":{"name":"(anonymous_1)","decl":{"start":{"line":18,"column":25},"end":{"line":18,"column":26}},"loc":{"start":{"line":18,"column":45},"end":{"line":25,"column":1}},"line":18},"2":{"name":"(anonymous_2)","decl":{"start":{"line":27,"column":19},"end":{"line":27,"column":20}},"loc":{"start":{"line":27,"column":39},"end":{"line":46,"column":1}},"line":27},"3":{"name":"(anonymous_3)","decl":{"start":{"line":33,"column":19},"end":{"line":33,"column":20}},"loc":{"start":{"line":33,"column":38},"end":{"line":41,"column":9}},"line":33}},"branchMap":{"0":{"loc":{"start":{"line":34,"column":12},"end":{"line":40,"column":13}},"type":"if","locations":[{"start":{"line":34,"column":12},"end":{"line":40,"column":13}},{"start":{"line":34,"column":12},"end":{"line":40,"column":13}}],"line":34}},"s":{"0":1,"1":1,"2":1,"3":1,"4":1,"5":1,"6":0,"7":1,"8":0,"9":0,"10":1,"11":0,"12":0,"13":0,"14":0,"15":0,"16":0,"17":0},"f":{"0":1,"1":0,"2":0,"3":0},"b":{"0":[0,0]},"_coverageSchema":"1a1c01bbd47fc00a2c39e90264f33305004495a9","hash":"4346cb0b04782a43291a6af0e3c6eb87304bc104"}
}
